2025-02-27 01:17:19 - INFO - [restartedMain] c.b.e.EmployeePayrollAppApplication - Starting EmployeePayrollAppApplication using Java 19.0.1 with PID 2988 (C:\Users\rahul\Documents\EmployeePayrollApp\employeepayrollapp\target\classes started by rahul in C:\Users\rahul\Documents\EmployeePayrollApp\employeepayrollapp)
2025-02-27 01:17:19 - DEBUG - [restartedMain] c.b.e.EmployeePayrollAppApplication - Running with Spring Boot v3.3.9, Spring v6.1.17
2025-02-27 01:17:19 - INFO - [restartedMain] c.b.e.EmployeePayrollAppApplication - No active profile set, falling back to 1 default profile: "default"
2025-02-27 01:17:19 - INFO - [restartedMain] o.s.b.d.e.DevToolsPropertyDefaultsPostProcessor - Devtools property defaults active! Set 'spring.devtools.add-properties' to 'false' to disable
2025-02-27 01:17:19 - INFO - [restartedMain] o.s.b.d.e.DevToolsPropertyDefaultsPostProcessor - For additional web related logging consider setting the 'logging.level.web' property to 'DEBUG'
2025-02-27 01:17:20 - INFO - [restartedMain] o.s.d.r.c.RepositoryConfigurationDelegate - Bootstrapping Spring Data JPA repositories in DEFAULT mode.
2025-02-27 01:17:20 - INFO - [restartedMain] o.s.d.r.c.RepositoryConfigurationDelegate - Finished Spring Data repository scanning in 82 ms. Found 1 JPA repository interface.
2025-02-27 01:17:21 - INFO - [restartedMain] o.s.b.w.e.tomcat.TomcatWebServer - Tomcat initialized with port 8080 (http)
2025-02-27 01:17:21 - INFO - [restartedMain] o.a.catalina.core.StandardService - Starting service [Tomcat]
2025-02-27 01:17:21 - INFO - [restartedMain] o.a.catalina.core.StandardEngine - Starting Servlet engine: [Apache Tomcat/10.1.36]
2025-02-27 01:17:21 - INFO - [restartedMain] o.a.c.c.C.[Tomcat].[localhost].[/] - Initializing Spring embedded WebApplicationContext
2025-02-27 01:17:21 - INFO - [restartedMain] o.s.b.w.s.c.ServletWebServerApplicationContext - Root WebApplicationContext: initialization completed in 2044 ms
2025-02-27 01:17:21 - INFO - [restartedMain] o.h.jpa.internal.util.LogHelper - HHH000204: Processing PersistenceUnitInfo [name: default]
2025-02-27 01:17:21 - INFO - [restartedMain] org.hibernate.Version - HHH000412: Hibernate ORM core version 6.5.3.Final
2025-02-27 01:17:21 - INFO - [restartedMain] o.h.c.i.RegionFactoryInitiator - HHH000026: Second-level cache disabled
2025-02-27 01:17:22 - INFO - [restartedMain] o.s.o.j.p.SpringPersistenceUnitInfo - No LoadTimeWeaver setup: ignoring JPA class transformer
2025-02-27 01:17:22 - INFO - [restartedMain] com.zaxxer.hikari.HikariDataSource - HikariPool-1 - Starting...
2025-02-27 01:17:22 - INFO - [restartedMain] com.zaxxer.hikari.pool.HikariPool - HikariPool-1 - Added connection com.mysql.cj.jdbc.ConnectionImpl@24a48adb
2025-02-27 01:17:22 - INFO - [restartedMain] com.zaxxer.hikari.HikariDataSource - HikariPool-1 - Start completed.
2025-02-27 01:17:22 - WARN - [restartedMain] org.hibernate.orm.deprecation - HHH90000025: MySQL8Dialect does not need to be specified explicitly using 'hibernate.dialect' (remove the property setting and it will be selected by default)
2025-02-27 01:17:22 - WARN - [restartedMain] org.hibernate.orm.deprecation - HHH90000026: MySQL8Dialect has been deprecated; use org.hibernate.dialect.MySQLDialect instead
2025-02-27 01:17:23 - INFO - [restartedMain] o.h.e.t.j.p.i.JtaPlatformInitiator - HHH000489: No JTA platform available (set 'hibernate.transaction.jta.platform' to enable JTA platform integration)
2025-02-27 01:17:23 - INFO - [restartedMain] o.s.o.j.LocalContainerEntityManagerFactoryBean - Initialized JPA EntityManagerFactory for persistence unit 'default'
2025-02-27 01:17:23 - WARN - [restartedMain] o.s.b.a.o.j.JpaBaseConfiguration$JpaWebConfiguration - spring.jpa.open-in-view is enabled by default. Therefore, database queries may be performed during view rendering. Explicitly configure spring.jpa.open-in-view to disable this warning
2025-02-27 01:17:24 - INFO - [restartedMain] o.s.b.d.a.OptionalLiveReloadServer - LiveReload server is running on port 35729
2025-02-27 01:17:24 - INFO - [restartedMain] o.s.b.w.e.tomcat.TomcatWebServer - Tomcat started on port 8080 (http) with context path '/'
2025-02-27 01:17:24 - INFO - [restartedMain] c.b.e.EmployeePayrollAppApplication - Started EmployeePayrollAppApplication in 5.952 seconds (process running for 6.613)
2025-02-27 01:17:42 - INFO - [http-nio-8080-exec-1] o.a.c.c.C.[Tomcat].[localhost].[/] - Initializing Spring DispatcherServlet 'dispatcherServlet'
2025-02-27 01:17:42 - INFO - [http-nio-8080-exec-1] o.s.web.servlet.DispatcherServlet - Initializing Servlet 'dispatcherServlet'
2025-02-27 01:17:42 - INFO - [http-nio-8080-exec-1] o.s.web.servlet.DispatcherServlet - Completed initialization in 1 ms
2025-02-27 01:19:58 - INFO - [SpringApplicationShutdownHook] o.s.o.j.LocalContainerEntityManagerFactoryBean - Closing JPA EntityManagerFactory for persistence unit 'default'
2025-02-27 01:19:58 - INFO - [SpringApplicationShutdownHook] com.zaxxer.hikari.HikariDataSource - HikariPool-1 - Shutdown initiated...
2025-02-27 01:19:58 - INFO - [SpringApplicationShutdownHook] com.zaxxer.hikari.HikariDataSource - HikariPool-1 - Shutdown completed.
2025-02-27 01:21:02 - INFO - [restartedMain] c.b.e.EmployeePayrollAppApplication - Starting EmployeePayrollAppApplication using Java 19.0.1 with PID 16836 (C:\Users\rahul\Documents\EmployeePayrollApp\employeepayrollapp\target\classes started by rahul in C:\Users\rahul\Documents\EmployeePayrollApp\employeepayrollapp)
2025-02-27 01:21:02 - DEBUG - [restartedMain] c.b.e.EmployeePayrollAppApplication - Running with Spring Boot v3.3.9, Spring v6.1.17
2025-02-27 01:21:02 - INFO - [restartedMain] c.b.e.EmployeePayrollAppApplication - No active profile set, falling back to 1 default profile: "default"
2025-02-27 01:21:02 - INFO - [restartedMain] o.s.b.d.e.DevToolsPropertyDefaultsPostProcessor - Devtools property defaults active! Set 'spring.devtools.add-properties' to 'false' to disable
2025-02-27 01:21:02 - INFO - [restartedMain] o.s.b.d.e.DevToolsPropertyDefaultsPostProcessor - For additional web related logging consider setting the 'logging.level.web' property to 'DEBUG'
2025-02-27 01:21:03 - INFO - [restartedMain] o.s.d.r.c.RepositoryConfigurationDelegate - Bootstrapping Spring Data JPA repositories in DEFAULT mode.
2025-02-27 01:21:04 - INFO - [restartedMain] o.s.d.r.c.RepositoryConfigurationDelegate - Finished Spring Data repository scanning in 84 ms. Found 1 JPA repository interface.
2025-02-27 01:21:04 - INFO - [restartedMain] o.s.b.w.e.tomcat.TomcatWebServer - Tomcat initialized with port 8080 (http)
2025-02-27 01:21:04 - INFO - [restartedMain] o.a.catalina.core.StandardService - Starting service [Tomcat]
2025-02-27 01:21:04 - INFO - [restartedMain] o.a.catalina.core.StandardEngine - Starting Servlet engine: [Apache Tomcat/10.1.36]
2025-02-27 01:21:04 - INFO - [restartedMain] o.a.c.c.C.[Tomcat].[localhost].[/] - Initializing Spring embedded WebApplicationContext
2025-02-27 01:21:04 - INFO - [restartedMain] o.s.b.w.s.c.ServletWebServerApplicationContext - Root WebApplicationContext: initialization completed in 2014 ms
2025-02-27 01:21:05 - INFO - [restartedMain] o.h.jpa.internal.util.LogHelper - HHH000204: Processing PersistenceUnitInfo [name: default]
2025-02-27 01:21:05 - INFO - [restartedMain] org.hibernate.Version - HHH000412: Hibernate ORM core version 6.5.3.Final
2025-02-27 01:21:05 - INFO - [restartedMain] o.h.c.i.RegionFactoryInitiator - HHH000026: Second-level cache disabled
2025-02-27 01:21:05 - INFO - [restartedMain] o.s.o.j.p.SpringPersistenceUnitInfo - No LoadTimeWeaver setup: ignoring JPA class transformer
2025-02-27 01:21:05 - INFO - [restartedMain] com.zaxxer.hikari.HikariDataSource - HikariPool-1 - Starting...
2025-02-27 01:21:05 - INFO - [restartedMain] com.zaxxer.hikari.pool.HikariPool - HikariPool-1 - Added connection com.mysql.cj.jdbc.ConnectionImpl@5aa8716e
2025-02-27 01:21:05 - INFO - [restartedMain] com.zaxxer.hikari.HikariDataSource - HikariPool-1 - Start completed.
2025-02-27 01:21:05 - WARN - [restartedMain] org.hibernate.orm.deprecation - HHH90000025: MySQL8Dialect does not need to be specified explicitly using 'hibernate.dialect' (remove the property setting and it will be selected by default)
2025-02-27 01:21:05 - WARN - [restartedMain] org.hibernate.orm.deprecation - HHH90000026: MySQL8Dialect has been deprecated; use org.hibernate.dialect.MySQLDialect instead
2025-02-27 01:21:06 - INFO - [restartedMain] o.h.e.t.j.p.i.JtaPlatformInitiator - HHH000489: No JTA platform available (set 'hibernate.transaction.jta.platform' to enable JTA platform integration)
2025-02-27 01:21:06 - INFO - [restartedMain] o.s.o.j.LocalContainerEntityManagerFactoryBean - Initialized JPA EntityManagerFactory for persistence unit 'default'
2025-02-27 01:21:06 - WARN - [restartedMain] o.s.b.a.o.j.JpaBaseConfiguration$JpaWebConfiguration - spring.jpa.open-in-view is enabled by default. Therefore, database queries may be performed during view rendering. Explicitly configure spring.jpa.open-in-view to disable this warning
2025-02-27 01:21:07 - INFO - [restartedMain] o.s.b.d.a.OptionalLiveReloadServer - LiveReload server is running on port 35729
2025-02-27 01:21:07 - INFO - [restartedMain] o.s.b.w.e.tomcat.TomcatWebServer - Tomcat started on port 8080 (http) with context path '/'
2025-02-27 01:21:07 - INFO - [restartedMain] c.b.e.EmployeePayrollAppApplication - Started EmployeePayrollAppApplication in 5.496 seconds (process running for 6.156)
2025-02-27 01:21:10 - INFO - [http-nio-8080-exec-1] o.a.c.c.C.[Tomcat].[localhost].[/] - Initializing Spring DispatcherServlet 'dispatcherServlet'
2025-02-27 01:21:10 - INFO - [http-nio-8080-exec-1] o.s.web.servlet.DispatcherServlet - Initializing Servlet 'dispatcherServlet'
2025-02-27 01:21:10 - INFO - [http-nio-8080-exec-1] o.s.web.servlet.DispatcherServlet - Completed initialization in 2 ms
2025-02-27 01:21:37 - INFO - [SpringApplicationShutdownHook] o.s.o.j.LocalContainerEntityManagerFactoryBean - Closing JPA EntityManagerFactory for persistence unit 'default'
2025-02-27 01:21:37 - INFO - [SpringApplicationShutdownHook] com.zaxxer.hikari.HikariDataSource - HikariPool-1 - Shutdown initiated...
2025-02-27 01:21:37 - INFO - [SpringApplicationShutdownHook] com.zaxxer.hikari.HikariDataSource - HikariPool-1 - Shutdown completed.
2025-02-27 01:22:22 - INFO - [restartedMain] c.b.e.EmployeePayrollAppApplication - Starting EmployeePayrollAppApplication using Java 19.0.1 with PID 10376 (C:\Users\rahul\Documents\EmployeePayrollApp\employeepayrollapp\target\classes started by rahul in C:\Users\rahul\Documents\EmployeePayrollApp\employeepayrollapp)
2025-02-27 01:22:22 - DEBUG - [restartedMain] c.b.e.EmployeePayrollAppApplication - Running with Spring Boot v3.3.9, Spring v6.1.17
2025-02-27 01:22:22 - INFO - [restartedMain] c.b.e.EmployeePayrollAppApplication - No active profile set, falling back to 1 default profile: "default"
2025-02-27 01:22:22 - INFO - [restartedMain] o.s.b.d.e.DevToolsPropertyDefaultsPostProcessor - Devtools property defaults active! Set 'spring.devtools.add-properties' to 'false' to disable
2025-02-27 01:22:22 - INFO - [restartedMain] o.s.b.d.e.DevToolsPropertyDefaultsPostProcessor - For additional web related logging consider setting the 'logging.level.web' property to 'DEBUG'
2025-02-27 01:22:23 - INFO - [restartedMain] o.s.d.r.c.RepositoryConfigurationDelegate - Bootstrapping Spring Data JPA repositories in DEFAULT mode.
2025-02-27 01:22:23 - INFO - [restartedMain] o.s.d.r.c.RepositoryConfigurationDelegate - Finished Spring Data repository scanning in 69 ms. Found 1 JPA repository interface.
2025-02-27 01:22:23 - INFO - [restartedMain] o.s.b.w.e.tomcat.TomcatWebServer - Tomcat initialized with port 8080 (http)
2025-02-27 01:22:23 - INFO - [restartedMain] o.a.catalina.core.StandardService - Starting service [Tomcat]
2025-02-27 01:22:23 - INFO - [restartedMain] o.a.catalina.core.StandardEngine - Starting Servlet engine: [Apache Tomcat/10.1.36]
2025-02-27 01:22:23 - INFO - [restartedMain] o.a.c.c.C.[Tomcat].[localhost].[/] - Initializing Spring embedded WebApplicationContext
2025-02-27 01:22:23 - INFO - [restartedMain] o.s.b.w.s.c.ServletWebServerApplicationContext - Root WebApplicationContext: initialization completed in 1754 ms
2025-02-27 01:22:24 - INFO - [restartedMain] o.h.jpa.internal.util.LogHelper - HHH000204: Processing PersistenceUnitInfo [name: default]
2025-02-27 01:22:24 - INFO - [restartedMain] org.hibernate.Version - HHH000412: Hibernate ORM core version 6.5.3.Final
2025-02-27 01:22:24 - INFO - [restartedMain] o.h.c.i.RegionFactoryInitiator - HHH000026: Second-level cache disabled
2025-02-27 01:22:24 - INFO - [restartedMain] o.s.o.j.p.SpringPersistenceUnitInfo - No LoadTimeWeaver setup: ignoring JPA class transformer
2025-02-27 01:22:24 - INFO - [restartedMain] com.zaxxer.hikari.HikariDataSource - HikariPool-1 - Starting...
2025-02-27 01:22:25 - INFO - [restartedMain] com.zaxxer.hikari.pool.HikariPool - HikariPool-1 - Added connection com.mysql.cj.jdbc.ConnectionImpl@47b3e51e
2025-02-27 01:22:25 - INFO - [restartedMain] com.zaxxer.hikari.HikariDataSource - HikariPool-1 - Start completed.
2025-02-27 01:22:25 - WARN - [restartedMain] org.hibernate.orm.deprecation - HHH90000025: MySQL8Dialect does not need to be specified explicitly using 'hibernate.dialect' (remove the property setting and it will be selected by default)
2025-02-27 01:22:25 - WARN - [restartedMain] org.hibernate.orm.deprecation - HHH90000026: MySQL8Dialect has been deprecated; use org.hibernate.dialect.MySQLDialect instead
2025-02-27 01:22:25 - INFO - [restartedMain] o.h.e.t.j.p.i.JtaPlatformInitiator - HHH000489: No JTA platform available (set 'hibernate.transaction.jta.platform' to enable JTA platform integration)
2025-02-27 01:22:25 - INFO - [restartedMain] o.s.o.j.LocalContainerEntityManagerFactoryBean - Initialized JPA EntityManagerFactory for persistence unit 'default'
2025-02-27 01:22:25 - WARN - [restartedMain] o.s.b.a.o.j.JpaBaseConfiguration$JpaWebConfiguration - spring.jpa.open-in-view is enabled by default. Therefore, database queries may be performed during view rendering. Explicitly configure spring.jpa.open-in-view to disable this warning
2025-02-27 01:22:26 - INFO - [restartedMain] o.s.b.d.a.OptionalLiveReloadServer - LiveReload server is running on port 35729
2025-02-27 01:22:26 - INFO - [restartedMain] o.s.b.w.e.tomcat.TomcatWebServer - Tomcat started on port 8080 (http) with context path '/'
2025-02-27 01:22:26 - INFO - [restartedMain] c.b.e.EmployeePayrollAppApplication - Started EmployeePayrollAppApplication in 5.297 seconds (process running for 5.96)
2025-02-27 01:22:30 - INFO - [http-nio-8080-exec-1] o.a.c.c.C.[Tomcat].[localhost].[/] - Initializing Spring DispatcherServlet 'dispatcherServlet'
2025-02-27 01:22:30 - INFO - [http-nio-8080-exec-1] o.s.web.servlet.DispatcherServlet - Initializing Servlet 'dispatcherServlet'
2025-02-27 01:22:30 - INFO - [http-nio-8080-exec-1] o.s.web.servlet.DispatcherServlet - Completed initialization in 2 ms
2025-02-27 01:22:30 - INFO - [http-nio-8080-exec-1] c.b.e.service.EmployeeService - Fetching all employees. Total count: 0
2025-02-27 01:23:48 - INFO - [http-nio-8080-exec-2] c.b.e.service.EmployeeService - Fetching all employees. Total count: 0
2025-02-27 01:24:46 - INFO - [http-nio-8080-exec-3] c.b.e.service.EmployeeService - Created new employee: com.bridgelabz.employeepayrollapp.model.Employee@7bfa4f8a
2025-02-27 01:24:59 - INFO - [http-nio-8080-exec-4] c.b.e.service.EmployeeService - Created new employee: com.bridgelabz.employeepayrollapp.model.Employee@5a503eb9
2025-02-27 01:26:52 - INFO - [http-nio-8080-exec-6] c.b.e.service.EmployeeService - Created new employee: com.bridgelabz.employeepayrollapp.model.Employee@109deea6
2025-02-27 01:29:01 - INFO - [SpringApplicationShutdownHook] o.s.o.j.LocalContainerEntityManagerFactoryBean - Closing JPA EntityManagerFactory for persistence unit 'default'
2025-02-27 01:29:01 - INFO - [SpringApplicationShutdownHook] com.zaxxer.hikari.HikariDataSource - HikariPool-1 - Shutdown initiated...
2025-02-27 01:29:01 - INFO - [SpringApplicationShutdownHook] com.zaxxer.hikari.HikariDataSource - HikariPool-1 - Shutdown completed.
2025-02-27 01:30:36 - INFO - [restartedMain] c.b.e.EmployeePayrollAppApplication - Starting EmployeePayrollAppApplication using Java 19.0.1 with PID 20404 (C:\Users\rahul\Documents\EmployeePayrollApp\employeepayrollapp\target\classes started by rahul in C:\Users\rahul\Documents\EmployeePayrollApp\employeepayrollapp)
2025-02-27 01:30:36 - DEBUG - [restartedMain] c.b.e.EmployeePayrollAppApplication - Running with Spring Boot v3.3.9, Spring v6.1.17
2025-02-27 01:30:36 - INFO - [restartedMain] c.b.e.EmployeePayrollAppApplication - No active profile set, falling back to 1 default profile: "default"
2025-02-27 01:30:36 - INFO - [restartedMain] o.s.b.d.e.DevToolsPropertyDefaultsPostProcessor - Devtools property defaults active! Set 'spring.devtools.add-properties' to 'false' to disable
2025-02-27 01:30:36 - INFO - [restartedMain] o.s.b.d.e.DevToolsPropertyDefaultsPostProcessor - For additional web related logging consider setting the 'logging.level.web' property to 'DEBUG'
2025-02-27 01:30:37 - INFO - [restartedMain] o.s.d.r.c.RepositoryConfigurationDelegate - Bootstrapping Spring Data JPA repositories in DEFAULT mode.
2025-02-27 01:30:37 - INFO - [restartedMain] o.s.d.r.c.RepositoryConfigurationDelegate - Finished Spring Data repository scanning in 51 ms. Found 1 JPA repository interface.
2025-02-27 01:30:38 - INFO - [restartedMain] o.s.b.w.e.tomcat.TomcatWebServer - Tomcat initialized with port 8080 (http)
2025-02-27 01:30:38 - INFO - [restartedMain] o.a.catalina.core.StandardService - Starting service [Tomcat]
2025-02-27 01:30:38 - INFO - [restartedMain] o.a.catalina.core.StandardEngine - Starting Servlet engine: [Apache Tomcat/10.1.36]
2025-02-27 01:30:38 - INFO - [restartedMain] o.a.c.c.C.[Tomcat].[localhost].[/] - Initializing Spring embedded WebApplicationContext
2025-02-27 01:30:38 - INFO - [restartedMain] o.s.b.w.s.c.ServletWebServerApplicationContext - Root WebApplicationContext: initialization completed in 1716 ms
2025-02-27 01:30:38 - INFO - [restartedMain] o.h.jpa.internal.util.LogHelper - HHH000204: Processing PersistenceUnitInfo [name: default]
2025-02-27 01:30:38 - INFO - [restartedMain] org.hibernate.Version - HHH000412: Hibernate ORM core version 6.5.3.Final
2025-02-27 01:30:38 - INFO - [restartedMain] o.h.c.i.RegionFactoryInitiator - HHH000026: Second-level cache disabled
2025-02-27 01:30:39 - INFO - [restartedMain] o.s.o.j.p.SpringPersistenceUnitInfo - No LoadTimeWeaver setup: ignoring JPA class transformer
2025-02-27 01:30:39 - INFO - [restartedMain] com.zaxxer.hikari.HikariDataSource - HikariPool-1 - Starting...
2025-02-27 01:30:39 - INFO - [restartedMain] com.zaxxer.hikari.pool.HikariPool - HikariPool-1 - Added connection com.mysql.cj.jdbc.ConnectionImpl@1d26fdbe
2025-02-27 01:30:39 - INFO - [restartedMain] com.zaxxer.hikari.HikariDataSource - HikariPool-1 - Start completed.
2025-02-27 01:30:39 - WARN - [restartedMain] org.hibernate.orm.deprecation - HHH90000025: MySQL8Dialect does not need to be specified explicitly using 'hibernate.dialect' (remove the property setting and it will be selected by default)
2025-02-27 01:30:39 - WARN - [restartedMain] org.hibernate.orm.deprecation - HHH90000026: MySQL8Dialect has been deprecated; use org.hibernate.dialect.MySQLDialect instead
2025-02-27 01:30:40 - INFO - [restartedMain] o.h.e.t.j.p.i.JtaPlatformInitiator - HHH000489: No JTA platform available (set 'hibernate.transaction.jta.platform' to enable JTA platform integration)
2025-02-27 01:30:40 - INFO - [restartedMain] o.s.o.j.LocalContainerEntityManagerFactoryBean - Initialized JPA EntityManagerFactory for persistence unit 'default'
2025-02-27 01:30:40 - WARN - [restartedMain] o.s.b.a.o.j.JpaBaseConfiguration$JpaWebConfiguration - spring.jpa.open-in-view is enabled by default. Therefore, database queries may be performed during view rendering. Explicitly configure spring.jpa.open-in-view to disable this warning
2025-02-27 01:30:41 - INFO - [restartedMain] o.s.b.d.a.OptionalLiveReloadServer - LiveReload server is running on port 35729
2025-02-27 01:30:41 - INFO - [restartedMain] o.s.b.w.e.tomcat.TomcatWebServer - Tomcat started on port 8080 (http) with context path '/'
2025-02-27 01:30:41 - INFO - [restartedMain] c.b.e.EmployeePayrollAppApplication - Started EmployeePayrollAppApplication in 5.044 seconds (process running for 5.614)
2025-02-27 01:31:19 - INFO - [http-nio-8080-exec-1] o.a.c.c.C.[Tomcat].[localhost].[/] - Initializing Spring DispatcherServlet 'dispatcherServlet'
2025-02-27 01:31:19 - INFO - [http-nio-8080-exec-1] o.s.web.servlet.DispatcherServlet - Initializing Servlet 'dispatcherServlet'
2025-02-27 01:31:19 - INFO - [http-nio-8080-exec-1] o.s.web.servlet.DispatcherServlet - Completed initialization in 2 ms
2025-02-27 01:31:19 - INFO - [http-nio-8080-exec-1] c.b.e.service.EmployeeService - Created new employee: ID=1, Name=John Doe, Salary=50000.0
2025-02-27 01:31:52 - INFO - [SpringApplicationShutdownHook] o.s.o.j.LocalContainerEntityManagerFactoryBean - Closing JPA EntityManagerFactory for persistence unit 'default'
2025-02-27 01:31:52 - INFO - [SpringApplicationShutdownHook] com.zaxxer.hikari.HikariDataSource - HikariPool-1 - Shutdown initiated...
2025-02-27 01:31:52 - INFO - [SpringApplicationShutdownHook] com.zaxxer.hikari.HikariDataSource - HikariPool-1 - Shutdown completed.
